Using pre-set license
Built from '6000.0/staging' branch; Version is '6000.0.26f1 (ccb7c73d2c02) revision 13416391'; Using compiler version '193933523'; Build Type 'Release'
OS: 'Windows 10  (10.0.19045) 64bit Professional' Language: 'en' Physical Memory: 16280 MB
BatchMode: 1, IsHumanControllingUs: 0, StartBugReporterOnCrash: 0, Is64bit: 1, IsPro: 1

COMMAND LINE ARGUMENTS:
C:\Program Files\Unity\Hub\Editor\6000.0.26f1\Editor\Unity.exe
-adb2
-batchMode
-noUpm
-name
AssetImportWorker2
-projectPath
C:/Users/Lenovo Thinkpad E580/Documents/Projects/Unity Projects/Labyrinth/The Labyrinth
-logFile
Logs/AssetImportWorker2.log
-srvPort
64586
-job-worker-count
3
-background-job-worker-count
8
-asset-garbage-collectors
1
Successfully changed project path to: C:/Users/Lenovo Thinkpad E580/Documents/Projects/Unity Projects/Labyrinth/The Labyrinth
C:/Users/Lenovo Thinkpad E580/Documents/Projects/Unity Projects/Labyrinth/The Labyrinth
[UnityMemory] Configuration Parameters - Can be set up in boot.config
    "memorysetup-bucket-allocator-granularity=16"
    "memorysetup-bucket-allocator-bucket-count=8"
    "memorysetup-bucket-allocator-block-size=33554432"
    "memorysetup-bucket-allocator-block-count=8"
    "memorysetup-main-allocator-block-size=16777216"
    "memorysetup-thread-allocator-block-size=16777216"
    "memorysetup-gfx-main-allocator-block-size=16777216"
    "memorysetup-gfx-thread-allocator-block-size=16777216"
    "memorysetup-cache-allocator-block-size=4194304"
    "memorysetup-typetree-allocator-block-size=2097152"
    "memorysetup-profiler-bucket-allocator-granularity=16"
    "memorysetup-profiler-bucket-allocator-bucket-count=8"
    "memorysetup-profiler-bucket-allocator-block-size=33554432"
    "memorysetup-profiler-bucket-allocator-block-count=8"
    "memorysetup-profiler-allocator-block-size=16777216"
    "memorysetup-profiler-editor-allocator-block-size=1048576"
    "memorysetup-temp-allocator-size-main=16777216"
    "memorysetup-job-temp-allocator-block-size=2097152"
    "memorysetup-job-temp-allocator-block-size-background=1048576"
    "memorysetup-job-temp-allocator-reduction-small-platforms=262144"
    "memorysetup-allocator-temp-initial-block-size-main=262144"
    "memorysetup-allocator-temp-initial-block-size-worker=262144"
    "memorysetup-temp-allocator-size-background-worker=32768"
    "memorysetup-temp-allocator-size-job-worker=262144"
    "memorysetup-temp-allocator-size-preload-manager=33554432"
    "memorysetup-temp-allocator-size-nav-mesh-worker=65536"
    "memorysetup-temp-allocator-size-audio-worker=65536"
    "memorysetup-temp-allocator-size-cloud-worker=32768"
    "memorysetup-temp-allocator-size-gi-baking-worker=262144"
    "memorysetup-temp-allocator-size-gi-baking-worker=262144"
    "memorysetup-temp-allocator-size-gi-baking-worker=262144"
    "memorysetup-temp-allocator-size-gi-baking-worker=262144"
    "memorysetup-temp-allocator-size-gi-baking-worker=262144"
    "memorysetup-temp-allocator-size-gfx=262144"
Player connection [19916]  Target information:

Player connection [19916]  * "[IP] 172.17.24.117 [Port] 0 [Flags] 2 [Guid] 2836111000 [EditorId] 2836111000 [Version] 1048832 [Id] WindowsEditor(7,NEO-CARBON) [Debug] 1 [PackageName] WindowsEditor [ProjectName] Editor" 

Player connection [19916] Host joined multi-casting on [225.0.0.222:54997]...
Player connection [19916] Host joined alternative multi-casting on [225.0.0.222:34997]...
JobSystem: Creating JobQueue using job-worker-count value 3
[Physics::Module] Initialized fallback backend.
[Physics::Module] Id: 0xdecafbad
Library Redirect Path: Library/
[Physics::Module] Selected backend.
[Physics::Module] Name: PhysX
[Physics::Module] Id: 0xf2b8ea05
[Physics::Module] SDK Version: 4.1.2
[Physics::Module] Integration Version: 1.0.0
[Physics::Module] Threading Mode: Multi-Threaded
Refreshing native plugins compatible for Editor in 26.39 ms, found 3 plugins.
Preloading 0 native plugins for Editor in 0.00 ms.
Initialize engine version: 6000.0.26f1 (ccb7c73d2c02)
[Subsystems] Discovering subsystems at path C:/Program Files/Unity/Hub/Editor/6000.0.26f1/Editor/Data/Resources/UnitySubsystems
[Subsystems] Discovering subsystems at path C:/Users/Lenovo Thinkpad E580/Documents/Projects/Unity Projects/Labyrinth/The Labyrinth/Assets
GfxDevice: creating device client; kGfxThreadingModeNonThreaded
Direct3D:
    Version:  Direct3D 11.0 [level 11.1]
    Renderer: Radeon (TM) RX 550 (ID=0x699f)
    Vendor:   ATI
    VRAM:     1993 MB
    Driver:   30.0.14030.0
Shader Hidden/ProbeVolume/VoxelizeScene is not supported: GPU does not support conservative rasterization
Initialize mono
Mono path[0] = 'C:/Program Files/Unity/Hub/Editor/6000.0.26f1/Editor/Data/Managed'
Mono path[1] = 'C:/Program Files/Unity/Hub/Editor/6000.0.26f1/Editor/Data/MonoBleedingEdge/lib/mono/unityjit-win32'
Mono config path = 'C:/Program Files/Unity/Hub/Editor/6000.0.26f1/Editor/Data/MonoBleedingEdge/etc'
Using monoOptions --debugger-agent=transport=dt_socket,embedding=1,server=y,suspend=n,address=127.0.0.1:56384
Begin MonoManager ReloadAssembly
Registering precompiled unity dll's ...
Register platform support module: C:/Program Files/Unity/Hub/Editor/6000.0.26f1/Editor/Data/PlaybackEngines/WebGLSupport/UnityEditor.WebGL.Extensions.dll
Register platform support module: C:/Program Files/Unity/Hub/Editor/6000.0.26f1/Editor/Data/PlaybackEngines/WindowsStandaloneSupport/UnityEditor.WindowsStandalone.Extensions.dll
Registered in 0.150483 seconds.
- Loaded All Assemblies, in  8.456 seconds
Native extension for WindowsStandalone target not found
Native extension for WebGL target not found
Mono: successfully reloaded assembly
- Finished resetting the current domain, in 28.692 seconds
Domain Reload Profiling: 37115ms
	BeginReloadAssembly (2581ms)
		ExecutionOrderSort (0ms)
		DisableScriptedObjects (0ms)
		BackupInstance (0ms)
		ReleaseScriptingObjects (1ms)
		CreateAndSetChildDomain (7ms)
	RebuildCommonClasses (731ms)
	RebuildNativeTypeToScriptingClass (254ms)
	initialDomainReloadingComplete (999ms)
	LoadAllAssembliesAndSetupDomain (3835ms)
		LoadAssemblies (2534ms)
		RebuildTransferFunctionScriptingTraits (0ms)
		AnalyzeDomain (3775ms)
			TypeCache.Refresh (3761ms)
				TypeCache.ScanAssembly (3042ms)
			BuildScriptInfoCaches (1ms)
			ResolveRequiredComponents (7ms)
	FinalizeReload (28716ms)
		ReleaseScriptCaches (0ms)
		RebuildScriptCaches (0ms)
		SetupLoadedEditorAssemblies (26854ms)
			LogAssemblyErrors (0ms)
			InitializePlatformSupportModulesInManaged (2072ms)
			SetLoadedEditorAssemblies (183ms)
			BeforeProcessingInitializeOnLoad (302ms)
			ProcessInitializeOnLoadAttributes (22086ms)
			ProcessInitializeOnLoadMethodAttributes (1955ms)
			AfterProcessingInitializeOnLoad (256ms)
			EditorAssembliesLoaded (1ms)
		ExecutionOrderSort2 (0ms)
		AwakeInstancesAfterBackupRestoration (0ms)
========================================================================
Worker process is ready to serve import requests
Import Worker Mode flag is 0x00
Begin MonoManager ReloadAssembly
- Loaded All Assemblies, in 19.912 seconds
Refreshing native plugins compatible for Editor in 12.18 ms, found 3 plugins.
Native extension for WindowsStandalone target not found
Native extension for WebGL target not found
Mono: successfully reloaded assembly
- Finished resetting the current domain, in 15.512 seconds
Domain Reload Profiling: 35338ms
	BeginReloadAssembly (8551ms)
		ExecutionOrderSort (0ms)
		DisableScriptedObjects (87ms)
		BackupInstance (0ms)
		ReleaseScriptingObjects (0ms)
		CreateAndSetChildDomain (570ms)
	RebuildCommonClasses (605ms)
	RebuildNativeTypeToScriptingClass (199ms)
	initialDomainReloadingComplete (898ms)
	LoadAllAssembliesAndSetupDomain (9569ms)
		LoadAssemblies (7151ms)
		RebuildTransferFunctionScriptingTraits (0ms)
		AnalyzeDomain (4130ms)
			TypeCache.Refresh (2577ms)
				TypeCache.ScanAssembly (2318ms)
			BuildScriptInfoCaches (1391ms)
			ResolveRequiredComponents (132ms)
	FinalizeReload (15516ms)
		ReleaseScriptCaches (0ms)
		RebuildScriptCaches (0ms)
		SetupLoadedEditorAssemblies (11424ms)
			LogAssemblyErrors (0ms)
			InitializePlatformSupportModulesInManaged (25ms)
			SetLoadedEditorAssemblies (39ms)
			BeforeProcessingInitializeOnLoad (1796ms)
			ProcessInitializeOnLoadAttributes (7977ms)
			ProcessInitializeOnLoadMethodAttributes (1433ms)
			AfterProcessingInitializeOnLoad (152ms)
			EditorAssembliesLoaded (2ms)
		ExecutionOrderSort2 (0ms)
		AwakeInstancesAfterBackupRestoration (88ms)
Shader Hidden/ProbeVolume/VoxelizeScene is not supported: GPU does not support conservative rasterization
Launched and connected shader compiler UnityShaderCompiler.exe after 0.15 seconds
Refreshing native plugins compatible for Editor in 12.70 ms, found 3 plugins.
Preloading 0 native plugins for Editor in 0.00 ms.
Unloading 198 Unused Serialized files (Serialized files now loaded: 0)
Unloading 5910 unused Assets / (3.3 MB). Loaded Objects now: 6676.
Memory consumption went from 177.8 MB to 174.5 MB.
Total: 363.976300 ms (FindLiveObjects: 17.752400 ms CreateObjectMapping: 6.430900 ms MarkObjects: 315.291000 ms  DeleteObjects: 24.497800 ms)

========================================================================
Received Import Request.
  Time since last request: 91644.259949 seconds.
  path: Assets/InputSystem_Actions.inputactions
  artifactKey: Guid(052faaac586de48259a63d0c4782560b) Importer(815301076,1909f56bfc062723c751e8b465ee728b)
Start importing Assets/InputSystem_Actions.inputactions using Guid(052faaac586de48259a63d0c4782560b) Importer(815301076,1909f56bfc062723c751e8b465ee728b) (PreviewImporter) -> (artifact id: '15be5ba4d5b2b3ffcc56475d7901d8b3') in 0.3062802 seconds
Number of updated asset objects reloaded before import = 0Number of asset objects unloaded after import = 20

========================================================================
Received Prepare
Couldn't register non-exiting asset root folder: 'Assets'
AssetDatabase failed to register asset folder Assets
Begin MonoManager ReloadAssembly
- Loaded All Assemblies, in 20.017 seconds
Refreshing native plugins compatible for Editor in 17.97 ms, found 3 plugins.
Native extension for WindowsStandalone target not found
Native extension for WebGL target not found
Mono: successfully reloaded assembly
- Finished resetting the current domain, in 11.010 seconds
Domain Reload Profiling: 30974ms
	BeginReloadAssembly (4445ms)
		ExecutionOrderSort (0ms)
		DisableScriptedObjects (76ms)
		BackupInstance (0ms)
		ReleaseScriptingObjects (1ms)
		CreateAndSetChildDomain (463ms)
	RebuildCommonClasses (1325ms)
	RebuildNativeTypeToScriptingClass (792ms)
	initialDomainReloadingComplete (457ms)
	LoadAllAssembliesAndSetupDomain (12941ms)
		LoadAssemblies (6931ms)
		RebuildTransferFunctionScriptingTraits (0ms)
		AnalyzeDomain (8572ms)
			TypeCache.Refresh (192ms)
				TypeCache.ScanAssembly (0ms)
			BuildScriptInfoCaches (8191ms)
			ResolveRequiredComponents (155ms)
	FinalizeReload (11014ms)
		ReleaseScriptCaches (0ms)
		RebuildScriptCaches (0ms)
		SetupLoadedEditorAssemblies (8198ms)
			LogAssemblyErrors (0ms)
			InitializePlatformSupportModulesInManaged (20ms)
			SetLoadedEditorAssemblies (41ms)
			BeforeProcessingInitializeOnLoad (1053ms)
			ProcessInitializeOnLoadAttributes (6345ms)
			ProcessInitializeOnLoadMethodAttributes (600ms)
			AfterProcessingInitializeOnLoad (137ms)
			EditorAssembliesLoaded (2ms)
		ExecutionOrderSort2 (0ms)
		AwakeInstancesAfterBackupRestoration (100ms)
Shader Hidden/ProbeVolume/VoxelizeScene is not supported: GPU does not support conservative rasterization
Refreshing native plugins compatible for Editor in 7.78 ms, found 3 plugins.
Preloading 0 native plugins for Editor in 0.00 ms.
Unloading 22 Unused Serialized files (Serialized files now loaded: 0)
Unloading 5904 unused Assets / (4.4 MB). Loaded Objects now: 6691.
Memory consumption went from 160.2 MB to 155.8 MB.
Total: 47.902500 ms (FindLiveObjects: 2.832100 ms CreateObjectMapping: 3.834700 ms MarkObjects: 26.373400 ms  DeleteObjects: 14.857000 ms)

Prepare: number of updated asset objects reloaded= 29
========================================================================
Received Prepare
Couldn't register non-exiting asset root folder: 'Assets'
AssetDatabase failed to register asset folder Assets
Shader Hidden/ProbeVolume/VoxelizeScene is not supported: GPU does not support conservative rasterization
Refreshing native plugins compatible for Editor in 6.44 ms, found 3 plugins.
Preloading 0 native plugins for Editor in 0.00 ms.
Unloading 13 Unused Serialized files (Serialized files now loaded: 0)
Unloading 108 unused Assets / (12.9 MB). Loaded Objects now: 6567.
Memory consumption went from 154.7 MB to 141.7 MB.
Total: 70.791700 ms (FindLiveObjects: 2.516500 ms CreateObjectMapping: 3.041200 ms MarkObjects: 49.804800 ms  DeleteObjects: 15.423800 ms)

Prepare: number of updated asset objects reloaded= 0
========================================================================
Received Prepare
Couldn't register non-exiting asset root folder: 'Assets'
AssetDatabase failed to register asset folder Assets
Shader Hidden/ProbeVolume/VoxelizeScene is not supported: GPU does not support conservative rasterization
Refreshing native plugins compatible for Editor in 13.74 ms, found 3 plugins.
Preloading 0 native plugins for Editor in 0.00 ms.
Unloading 32 Unused Serialized files (Serialized files now loaded: 0)
Unloading 32 unused Assets / (3.0 MB). Loaded Objects now: 6567.
Memory consumption went from 146.1 MB to 143.1 MB.
Total: 175.274400 ms (FindLiveObjects: 2.270200 ms CreateObjectMapping: 1.728800 ms MarkObjects: 166.713300 ms  DeleteObjects: 4.554500 ms)

Prepare: number of updated asset objects reloaded= 0
========================================================================
Received Prepare
Begin MonoManager ReloadAssembly
- Loaded All Assemblies, in 23.509 seconds
Refreshing native plugins compatible for Editor in 21.14 ms, found 3 plugins.
Native extension for WindowsStandalone target not found
Native extension for WebGL target not found
Mono: successfully reloaded assembly
- Finished resetting the current domain, in 17.668 seconds
Domain Reload Profiling: 41136ms
	BeginReloadAssembly (2917ms)
		ExecutionOrderSort (0ms)
		DisableScriptedObjects (68ms)
		BackupInstance (0ms)
		ReleaseScriptingObjects (1ms)
		CreateAndSetChildDomain (566ms)
	RebuildCommonClasses (1008ms)
	RebuildNativeTypeToScriptingClass (418ms)
	initialDomainReloadingComplete (595ms)
	LoadAllAssembliesAndSetupDomain (18528ms)
		LoadAssemblies (13072ms)
		RebuildTransferFunctionScriptingTraits (0ms)
		AnalyzeDomain (7335ms)
			TypeCache.Refresh (307ms)
				TypeCache.ScanAssembly (8ms)
			BuildScriptInfoCaches (6890ms)
			ResolveRequiredComponents (119ms)
	FinalizeReload (17671ms)
		ReleaseScriptCaches (0ms)
		RebuildScriptCaches (0ms)
		SetupLoadedEditorAssemblies (14960ms)
			LogAssemblyErrors (0ms)
			InitializePlatformSupportModulesInManaged (26ms)
			SetLoadedEditorAssemblies (517ms)
			BeforeProcessingInitializeOnLoad (5471ms)
			ProcessInitializeOnLoadAttributes (7381ms)
			ProcessInitializeOnLoadMethodAttributes (1396ms)
			AfterProcessingInitializeOnLoad (167ms)
			EditorAssembliesLoaded (1ms)
		ExecutionOrderSort2 (0ms)
		AwakeInstancesAfterBackupRestoration (92ms)
Shader Hidden/ProbeVolume/VoxelizeScene is not supported: GPU does not support conservative rasterization
Refreshing native plugins compatible for Editor in 16.21 ms, found 3 plugins.
Preloading 0 native plugins for Editor in 0.00 ms.
Unloading 112 Unused Serialized files (Serialized files now loaded: 0)
Unloading 5908 unused Assets / (3.8 MB). Loaded Objects now: 6697.
Memory consumption went from 167.8 MB to 164.0 MB.
Total: 63.195800 ms (FindLiveObjects: 2.771100 ms CreateObjectMapping: 4.091000 ms MarkObjects: 44.910900 ms  DeleteObjects: 11.418000 ms)

Prepare: number of updated asset objects reloaded= 0
========================================================================
Received Prepare
Shader Hidden/ProbeVolume/VoxelizeScene is not supported: GPU does not support conservative rasterization
Refreshing native plugins compatible for Editor in 9.78 ms, found 3 plugins.
Preloading 0 native plugins for Editor in 0.00 ms.
Unloading 13 Unused Serialized files (Serialized files now loaded: 0)
Unloading 13 unused Assets / (1.8 MB). Loaded Objects now: 6697.
Memory consumption went from 154.7 MB to 152.9 MB.
Total: 54.932600 ms (FindLiveObjects: 2.250700 ms CreateObjectMapping: 1.979400 ms MarkObjects: 48.354200 ms  DeleteObjects: 2.340000 ms)

Prepare: number of updated asset objects reloaded= 0
========================================================================
Received Import Request.
  Time since last request: 1336.529875 seconds.
  path: Assets/InputSystem_Actions.inputactions
  artifactKey: Guid(052faaac586de48259a63d0c4782560b) Importer(2089858483,192608db42251d675da83286b1cce702)
Start importing Assets/InputSystem_Actions.inputactions using Guid(052faaac586de48259a63d0c4782560b) Importer(2089858483,192608db42251d675da83286b1cce702) (ScriptedImporter) -> (artifact id: '557020412d1859992f0aeadca3fb20cb') in 7.1819651 seconds
Number of updated asset objects reloaded before import = 0Number of asset objects unloaded after import = 21

========================================================================
Received Import Request.
  Time since last request: 0.000095 seconds.
  path: Assets/Settings/Mobile_Renderer.asset
  artifactKey: Guid(65bc7dbf4170f435aa868c779acfb082) Importer(2089858483,192608db42251d675da83286b1cce702)
Start importing Assets/Settings/Mobile_Renderer.asset using Guid(65bc7dbf4170f435aa868c779acfb082) Importer(2089858483,192608db42251d675da83286b1cce702) (ScriptedImporter) -> (artifact id: 'c9e4fa274e84af72454e86c3298f9fe2') in 0.5823818 seconds
Number of updated asset objects reloaded before import = 0Number of asset objects unloaded after import = 2

========================================================================
Received Import Request.
  Time since last request: 0.000121 seconds.
  path: Assets/Settings/SampleSceneProfile.asset
  artifactKey: Guid(10fc4df2da32a41aaa32d77bc913491c) Importer(2089858483,192608db42251d675da83286b1cce702)
Start importing Assets/Settings/SampleSceneProfile.asset using Guid(10fc4df2da32a41aaa32d77bc913491c) Importer(2089858483,192608db42251d675da83286b1cce702) (ScriptedImporter) -> (artifact id: '14985a4807d1313f7d4b414c6ddefe69') in 0.1543302 seconds
Number of updated asset objects reloaded before import = 0Number of asset objects unloaded after import = 1

========================================================================
Received Import Request.
  Time since last request: 0.000069 seconds.
  path: Assets/Scenes/SampleScene.unity
  artifactKey: Guid(99c9720ab356a0642a771bea13969a05) Importer(2089858483,192608db42251d675da83286b1cce702)
Start importing Assets/Scenes/SampleScene.unity using Guid(99c9720ab356a0642a771bea13969a05) Importer(2089858483,192608db42251d675da83286b1cce702) (ScriptedImporter) -> (artifact id: '4793e066f25e5f4ac56dcc6a58c7dfba') in 0.1620212 seconds
Number of updated asset objects reloaded before import = 0Number of asset objects unloaded after import = 1

========================================================================
Received Import Request.
  Time since last request: 0.000117 seconds.
  path: Assets/TutorialInfo/Layout.wlt
  artifactKey: Guid(eabc9546105bf4accac1fd62a63e88e6) Importer(2089858483,192608db42251d675da83286b1cce702)
Start importing Assets/TutorialInfo/Layout.wlt using Guid(eabc9546105bf4accac1fd62a63e88e6) Importer(2089858483,192608db42251d675da83286b1cce702) (ScriptedImporter) -> (artifact id: 'bd93ebe4015279e2ac08a5be67d137ac') in 0.0799988 seconds
Number of updated asset objects reloaded before import = 0Number of asset objects unloaded after import = 1

========================================================================
Received Import Request.
  Time since last request: 0.000079 seconds.
  path: Assets/SFX/Enemy_Dash.wav
  artifactKey: Guid(a184835ac601d574785b050954c0f478) Importer(2089858483,192608db42251d675da83286b1cce702)
Start importing Assets/SFX/Enemy_Dash.wav using Guid(a184835ac601d574785b050954c0f478) Importer(2089858483,192608db42251d675da83286b1cce702) (ScriptedImporter) -> (artifact id: 'b629def9cf38e9b25ffb5cc62ad5bbd8') in 0.2811833 seconds
Number of updated asset objects reloaded before import = 0Number of asset objects unloaded after import = 1

========================================================================
Received Import Request.
  Time since last request: 0.000110 seconds.
  path: Assets/TutorialInfo/Icons/URP.png
  artifactKey: Guid(727a75301c3d24613a3ebcec4a24c2c8) Importer(2089858483,192608db42251d675da83286b1cce702)
Start importing Assets/TutorialInfo/Icons/URP.png using Guid(727a75301c3d24613a3ebcec4a24c2c8) Importer(2089858483,192608db42251d675da83286b1cce702) (ScriptedImporter) -> (artifact id: '5a20595b87d45cd85453f28bed7bd48f') in 0.5527062 seconds
Number of updated asset objects reloaded before import = 0Number of asset objects unloaded after import = 1

========================================================================
Received Import Request.
  Time since last request: 0.000512 seconds.
  path: Assets/BGM/The Labyrinth BGM (Main).mp3
  artifactKey: Guid(ba16c5d74862b234893c9f5928cc5459) Importer(2089858483,192608db42251d675da83286b1cce702)
Start importing Assets/BGM/The Labyrinth BGM (Main).mp3 using Guid(ba16c5d74862b234893c9f5928cc5459) Importer(2089858483,192608db42251d675da83286b1cce702) (ScriptedImporter) -> (artifact id: 'af8c6fcf77d20216a9eb23bf0fc99baf') in 0.2907196 seconds
Number of updated asset objects reloaded before import = 0Number of asset objects unloaded after import = 1

========================================================================
Received Import Request.
  Time since last request: 0.000108 seconds.
  path: Assets/SFX/Laser_Shoot2.wav
  artifactKey: Guid(2bb0912962c76ad42a10b559cfc21f9b) Importer(2089858483,192608db42251d675da83286b1cce702)
Start importing Assets/SFX/Laser_Shoot2.wav using Guid(2bb0912962c76ad42a10b559cfc21f9b) Importer(2089858483,192608db42251d675da83286b1cce702) (ScriptedImporter) -> (artifact id: '618ab3c17b40c71dcfec7339334a632b') in 0.2174382 seconds
Number of updated asset objects reloaded before import = 0Number of asset objects unloaded after import = 1

========================================================================
Received Import Request.
  Time since last request: 0.000087 seconds.
  path: Assets/BGM/The Labyrinth Gameover.mp3
  artifactKey: Guid(2ca6f15fd643c1045a7d73b29db44d92) Importer(2089858483,192608db42251d675da83286b1cce702)
Start importing Assets/BGM/The Labyrinth Gameover.mp3 using Guid(2ca6f15fd643c1045a7d73b29db44d92) Importer(2089858483,192608db42251d675da83286b1cce702) (ScriptedImporter) -> (artifact id: '86cff109874522d9171f0d41de130732') in 0.5088613 seconds
Number of updated asset objects reloaded before import = 0Number of asset objects unloaded after import = 1

========================================================================
Received Import Request.
  Time since last request: 0.000108 seconds.
  path: Assets/SFX/Enemy_hurt.wav
  artifactKey: Guid(c3e5272e8321e5c42a4d3f13a7084fb2) Importer(2089858483,192608db42251d675da83286b1cce702)
Start importing Assets/SFX/Enemy_hurt.wav using Guid(c3e5272e8321e5c42a4d3f13a7084fb2) Importer(2089858483,192608db42251d675da83286b1cce702) (ScriptedImporter) -> (artifact id: 'a521273ade8fc3c8047f5f562ffc29bf') in 0.2501791 seconds
Number of updated asset objects reloaded before import = 0Number of asset objects unloaded after import = 1

========================================================================
Received Import Request.
  Time since last request: 0.000094 seconds.
  path: Assets/TutorialInfo/Scripts/Readme.cs
  artifactKey: Guid(fcf7219bab7fe46a1ad266029b2fee19) Importer(2089858483,192608db42251d675da83286b1cce702)
Start importing Assets/TutorialInfo/Scripts/Readme.cs using Guid(fcf7219bab7fe46a1ad266029b2fee19) Importer(2089858483,192608db42251d675da83286b1cce702) (ScriptedImporter) -> (artifact id: '6055021e0341ac8a5a64c48542873fd7') in 0.1066682 seconds
Number of updated asset objects reloaded before import = 0Number of asset objects unloaded after import = 0

========================================================================
Received Import Request.
  Time since last request: 50.374489 seconds.
  path: Assets/BGM
  artifactKey: Guid(4d9cce8ab68d7a94a987e2f3d571ef04) Importer(815301076,1909f56bfc062723c751e8b465ee728b)
Start importing Assets/BGM using Guid(4d9cce8ab68d7a94a987e2f3d571ef04) Importer(815301076,1909f56bfc062723c751e8b465ee728b) (PreviewImporter) -> (artifact id: '3c73718a601585f86ef2117ad1664d14') in 0.0026238 seconds
Number of updated asset objects reloaded before import = 0Number of asset objects unloaded after import = 0

========================================================================
Received Import Request.
  Time since last request: 0.000076 seconds.
  path: Assets/BGM/Labyrinth BGM 1.mp3
  artifactKey: Guid(9b0c039a456b4c748bdde2c7c4d9d69d) Importer(815301076,1909f56bfc062723c751e8b465ee728b)
Start importing Assets/BGM/Labyrinth BGM 1.mp3 using Guid(9b0c039a456b4c748bdde2c7c4d9d69d) Importer(815301076,1909f56bfc062723c751e8b465ee728b) (PreviewImporter) -> (artifact id: 'fcc3f20849fc900d2b621ffbd9b2d588') in 1.1387146 seconds
Number of updated asset objects reloaded before import = 0Number of asset objects unloaded after import = 2

========================================================================
Received Import Request.
  Time since last request: 510.018469 seconds.
  path: Assets
  artifactKey: Guid(00000000000000001000000000000000) Importer(815301076,1909f56bfc062723c751e8b465ee728b)
Start importing Assets using Guid(00000000000000001000000000000000) Importer(815301076,1909f56bfc062723c751e8b465ee728b) (PreviewImporter) -> (artifact id: 'c391582d739b6e62a5220f35cbb167ac') in 0.002989 seconds
Number of updated asset objects reloaded before import = 0Number of asset objects unloaded after import = 0

========================================================================
Received Import Request.
  Time since last request: 14.653858 seconds.
  path: Assets/Scripts
  artifactKey: Guid(d271c34d46e2b394fa46e53830662c94) Importer(815301076,1909f56bfc062723c751e8b465ee728b)
Start importing Assets/Scripts using Guid(d271c34d46e2b394fa46e53830662c94) Importer(815301076,1909f56bfc062723c751e8b465ee728b) (PreviewImporter) -> (artifact id: '0ecc3427cec6a523634c0c79efdad6d6') in 0.0032489 seconds
Number of updated asset objects reloaded before import = 0Number of asset objects unloaded after import = 0

========================================================================
Received Import Request.
  Time since last request: 0.585022 seconds.
  path: Assets/Scripts
  artifactKey: Guid(d271c34d46e2b394fa46e53830662c94) Importer(2089858483,192608db42251d675da83286b1cce702)
Start importing Assets/Scripts using Guid(d271c34d46e2b394fa46e53830662c94) Importer(2089858483,192608db42251d675da83286b1cce702) (ScriptedImporter) -> (artifact id: 'ff71b90cbb8b8fb4cf191f9d631cb573') in 0.0727615 seconds
Number of updated asset objects reloaded before import = 0Number of asset objects unloaded after import = 1

========================================================================
Received Prepare
Shader Hidden/ProbeVolume/VoxelizeScene is not supported: GPU does not support conservative rasterization
Refreshing native plugins compatible for Editor in 14.57 ms, found 3 plugins.
Preloading 0 native plugins for Editor in 0.00 ms.
Unloading 13 Unused Serialized files (Serialized files now loaded: 0)
Unloading 5900 unused Assets / (3.9 MB). Loaded Objects now: 6707.
Memory consumption went from 159.7 MB to 155.7 MB.
Total: 95.060100 ms (FindLiveObjects: 2.979800 ms CreateObjectMapping: 6.860000 ms MarkObjects: 66.323200 ms  DeleteObjects: 18.891800 ms)

Prepare: number of updated asset objects reloaded= 0
========================================================================
Received Import Request.
  Time since last request: 51.259446 seconds.
  path: Assets/player.cs
  artifactKey: Guid(81c310d2910127e4eab480075de7a3c2) Importer(2089858483,192608db42251d675da83286b1cce702)
Start importing Assets/player.cs using Guid(81c310d2910127e4eab480075de7a3c2) Importer(2089858483,192608db42251d675da83286b1cce702) (ScriptedImporter) -> (artifact id: '408c9321e82796e410ab5f2c09c78bb4') in 0.1089732 seconds
Number of updated asset objects reloaded before import = 0Number of asset objects unloaded after import = 0

========================================================================
Received Prepare
Begin MonoManager ReloadAssembly
- Loaded All Assemblies, in 19.785 seconds
Refreshing native plugins compatible for Editor in 19.56 ms, found 3 plugins.
Native extension for WindowsStandalone target not found
Native extension for WebGL target not found
Mono: successfully reloaded assembly
- Finished resetting the current domain, in 19.102 seconds
Domain Reload Profiling: 38840ms
	BeginReloadAssembly (3496ms)
		ExecutionOrderSort (0ms)
		DisableScriptedObjects (333ms)
		BackupInstance (0ms)
		ReleaseScriptingObjects (1ms)
		CreateAndSetChildDomain (817ms)
	RebuildCommonClasses (821ms)
	RebuildNativeTypeToScriptingClass (252ms)
	initialDomainReloadingComplete (458ms)
	LoadAllAssembliesAndSetupDomain (14706ms)
		LoadAssemblies (12004ms)
		RebuildTransferFunctionScriptingTraits (0ms)
		AnalyzeDomain (4389ms)
			TypeCache.Refresh (118ms)
				TypeCache.ScanAssembly (3ms)
			BuildScriptInfoCaches (4092ms)
			ResolveRequiredComponents (157ms)
	FinalizeReload (19106ms)
		ReleaseScriptCaches (0ms)
		RebuildScriptCaches (0ms)
		SetupLoadedEditorAssemblies (12572ms)
			LogAssemblyErrors (0ms)
			InitializePlatformSupportModulesInManaged (41ms)
			SetLoadedEditorAssemblies (93ms)
			BeforeProcessingInitializeOnLoad (1634ms)
			ProcessInitializeOnLoadAttributes (9382ms)
			ProcessInitializeOnLoadMethodAttributes (1174ms)
			AfterProcessingInitializeOnLoad (246ms)
			EditorAssembliesLoaded (3ms)
		ExecutionOrderSort2 (0ms)
		AwakeInstancesAfterBackupRestoration (137ms)
Shader Hidden/ProbeVolume/VoxelizeScene is not supported: GPU does not support conservative rasterization
Refreshing native plugins compatible for Editor in 33.86 ms, found 3 plugins.
Preloading 0 native plugins for Editor in 0.00 ms.
Unloading 13 Unused Serialized files (Serialized files now loaded: 0)
Unloading 5907 unused Assets / (3.9 MB). Loaded Objects now: 6708.
Memory consumption went from 159.1 MB to 155.2 MB.
Total: 125.185200 ms (FindLiveObjects: 6.393300 ms CreateObjectMapping: 5.426400 ms MarkObjects: 96.428400 ms  DeleteObjects: 16.931900 ms)

Prepare: number of updated asset objects reloaded= 0
========================================================================
Received Prepare
Couldn't register non-exiting asset root folder: 'Library/BuildInstructions'
AssetDatabase failed to register asset folder Library/BuildInstructions
Failed to determine dll type for Packages/com.unity.burst/Unity.Burst.CodeGen/Unity.Burst.Cecil.Pdb.dll
Failed to determine dll type for Packages/com.unity.burst/Unity.Burst.CodeGen/Unity.Burst.Cecil.Pdb.dll
Failed to determine dll type for Packages/com.unity.burst/Unity.Burst.CodeGen/Unity.Burst.Cecil.Mdb.dll
Failed to determine dll type for Packages/com.unity.burst/Unity.Burst.CodeGen/Unity.Burst.Cecil.Mdb.dll
Failed to determine dll type for Packages/com.unity.burst/Unity.Burst.CodeGen/Unity.Burst.Cecil.dll
Failed to determine dll type for Packages/com.unity.burst/Unity.Burst.CodeGen/Unity.Burst.Cecil.dll
Failed to determine dll type for Packages/com.unity.burst/Unity.Burst.Unsafe.dll
Failed to determine dll type for Packages/com.unity.burst/Unity.Burst.Unsafe.dll
Failed to determine dll type for Packages/com.unity.burst/Unity.Burst.CodeGen/Unity.Burst.Cecil.Rocks.dll
Failed to determine dll type for Packages/com.unity.burst/Unity.Burst.CodeGen/Unity.Burst.Cecil.Rocks.dll
Failed to load shader (instanceID 574, GUID a4d8d31aecf938048b2f9876df2ecb15)
Shader Hidden/ProbeVolume/VoxelizeScene is not supported: GPU does not support conservative rasterization
Refreshing native plugins compatible for Editor in 56.37 ms, found 1 plugins.
Preloading 0 native plugins for Editor in 0.00 ms.
Unloading 0 Unused Serialized files (Serialized files now loaded: 0)
Unloading 5888 unused Assets / (2.0 MB). Loaded Objects now: 6709.
Memory consumption went from 155.9 MB to 153.9 MB.
Total: 240.820700 ms (FindLiveObjects: 2.885700 ms CreateObjectMapping: 5.001300 ms MarkObjects: 202.768200 ms  DeleteObjects: 30.161300 ms)

Prepare: number of updated asset objects reloaded= 0
========================================================================
Received Prepare
Couldn't register non-exiting asset root folder: 'Library/BuildInstructions'
AssetDatabase failed to register asset folder Library/BuildInstructions
Failed to load shader (instanceID 574, GUID a4d8d31aecf938048b2f9876df2ecb15)
Shader Hidden/ProbeVolume/VoxelizeScene is not supported: GPU does not support conservative rasterization
Refreshing native plugins compatible for Editor in 8.39 ms, found 1 plugins.
Preloading 0 native plugins for Editor in 0.00 ms.
Unloading 0 Unused Serialized files (Serialized files now loaded: 0)
Unloading 5000 unused Assets / (367.7 KB). Loaded Objects now: 5833.
Memory consumption went from 153.2 MB to 152.8 MB.
Total: 134.305100 ms (FindLiveObjects: 6.724000 ms CreateObjectMapping: 5.881300 ms MarkObjects: 111.737500 ms  DeleteObjects: 9.954300 ms)

Prepare: number of updated asset objects reloaded= 0
========================================================================
Received Prepare
Couldn't register non-exiting asset root folder: 'Library/BuildInstructions'
AssetDatabase failed to register asset folder Library/BuildInstructions
Failed to load shader (instanceID 574, GUID a4d8d31aecf938048b2f9876df2ecb15)
Shader Hidden/ProbeVolume/VoxelizeScene is not supported: GPU does not support conservative rasterization
Refreshing native plugins compatible for Editor in 7.30 ms, found 1 plugins.
Preloading 0 native plugins for Editor in 0.00 ms.
Unloading 0 Unused Serialized files (Serialized files now loaded: 0)
Unloading 4284 unused Assets / (130.9 KB). Loaded Objects now: 5121.
Memory consumption went from 150.1 MB to 149.9 MB.
Total: 117.310200 ms (FindLiveObjects: 6.850400 ms CreateObjectMapping: 9.054700 ms MarkObjects: 93.349100 ms  DeleteObjects: 8.050000 ms)

Prepare: number of updated asset objects reloaded= 20
AssetImportWorkerClient::OnTransportError - code=10054 error=An existing connection was forcibly closed by the remote host.
